
> fullstack@0.0.0 start /home/ec2-user/node/2016_Spring_FullStack/fullstack
> node ./bin/www

{ [Error: Cannot find module '../build/Release/bson'] code: 'MODULE_NOT_FOUND' }
js-bson: Failed to load c++ bson extension, using pure JS version

> fullstack@0.0.0 start /home/ec2-user/node/2016_Spring_FullStack/fullstack
> node ./bin/www

{ [Error: Cannot find module '../build/Release/bson'] code: 'MODULE_NOT_FOUND' }
js-bson: Failed to load c++ bson extension, using pure JS version
[0mGET /getQuestList [32m200 [0m44.098 ms - 41[0m

> fullstack@0.0.0 start /home/ec2-user/node/2016_Spring_FullStack/fullstack
> node ./bin/www

{ [Error: Cannot find module '../build/Release/bson'] code: 'MODULE_NOT_FOUND' }
js-bson: Failed to load c++ bson extension, using pure JS version
[0mGET /getQuestList [36m304 [0m58.663 ms - -[0m
[0mGET / [33m404 [0m16.270 ms - -[0m
[0mGET / [33m404 [0m3.891 ms - 1924[0m
[0mGET / [33m404 [0m3.000 ms - 1924[0m
[0mGET /getQuestList [36m304 [0m4.891 ms - -[0m
[0mGET / [33m404 [0m5.975 ms - 1924[0m
[0mGET /robots.txt [33m404 [0m2.880 ms - 1924[0m
[0mGET /sitemap.xml [33m404 [0m3.048 ms - 1924[0m
[0mGET / [33m404 [0m4.392 ms - 1924[0m
[0mGET /robots.txt [33m404 [0m1.955 ms - 1924[0m
[0mGET /sitemap.xml [33m404 [0m1.890 ms - 1924[0m
[0mOPTIONS /doRegister [33m404 [0m3.454 ms - -[0m
[0mOPTIONS /postQuest [33m404 [0m5.473 ms - -[0m
[0mOPTIONS /doRegister [33m404 [0m2.600 ms - -[0m
[0mOPTIONS /doRegister [33m404 [0m3.482 ms - -[0m
[0mOPTIONS /doRegister [33m404 [0m2.214 ms - -[0m
[0mOPTIONS /doRegister [33m404 [0m7.073 ms - -[0m
[0mPOST /doRegister [32m200 [0m43.465 ms - 47[0m
[0mOPTIONS /doRegister [33m404 [0m3.375 ms - -[0m
[0mPOST /doRegister [32m200 [0m7.926 ms - 47[0m
[0mOPTIONS /doRegister [33m404 [0m3.072 ms - -[0m
[0mPOST /doRegister [32m200 [0m4.095 ms - 47[0m
[0mOPTIONS /doRegister [33m404 [0m6.961 ms - -[0m
[0mOPTIONS /doLogin [33m404 [0m2.223 ms - -[0m

> fullstack@0.0.0 start /home/ec2-user/node/2016_Spring_FullStack/fullstack
> node ./bin/www

{ [Error: Cannot find module '../build/Release/bson'] code: 'MODULE_NOT_FOUND' }
js-bson: Failed to load c++ bson extension, using pure JS version
Port 3000 is already in use

npm ERR! Linux 4.1.17-22.30.amzn1.x86_64
npm ERR! argv "/usr/local/bin/node" "/usr/local/bin/npm" "start"
npm ERR! node v5.3.0
npm ERR! npm  v3.3.12
npm ERR! code ELIFECYCLE
npm ERR! fullstack@0.0.0 start: `node ./bin/www`
npm ERR! Exit status 1
npm ERR! 
npm ERR! Failed at the fullstack@0.0.0 start script 'node ./bin/www'.
npm ERR! Make sure you have the latest version of node.js and npm installed.
npm ERR! If you do, this is most likely a problem with the fullstack package,
npm ERR! not with npm itself.
npm ERR! Tell the author that this fails on your system:
npm ERR!     node ./bin/www
npm ERR! You can get their info via:
npm ERR!     npm owner ls fullstack
npm ERR! There is likely additional logging output above.

npm ERR! Please include the following file with any support request:
npm ERR!     /home/ec2-user/node/2016_Spring_FullStack/fullstack/npm-debug.log

> fullstack@0.0.0 start /home/ec2-user/node/2016_Spring_FullStack/fullstack
> node ./bin/www

{ [Error: Cannot find module '../build/Release/bson'] code: 'MODULE_NOT_FOUND' }
js-bson: Failed to load c++ bson extension, using pure JS version
